<?xml version="1.0" encoding="UTF-8"?>
<!-- Generated by org.testng.reporters.JUnitReportReporter -->
<testsuite hostname="pvijayrao-MacBook-Pro" failures="0" tests="1" name="test.HRMTest" time="18.450" errors="0" timestamp="10 Jan 2024 10:34:50 GMT">
  <testcase classname="test.HRMTest" name="testAddUser" time="18.450"/>
</testsuite> <!-- test.HRMTest -->
